2019-02-17 00:02:15.110  INFO 20544 --- [http-nio-8080-exec-4] com.azra.demo.controller.BaseController  : adding message..
2019-02-17 00:02:15.147  INFO 20544 --- [http-nio-8080-exec-4] com.azra.demo.service.BaseService        : adding message.. for topic:Azra
2019-02-17 00:02:15.147  INFO 20544 --- [http-nio-8080-exec-4] com.azra.demo.message.AMessageSender     : Message Received by Producer sending to topic : Hi Azra
2019-02-17 00:02:15.240  INFO 20544 --- [DefaultMessageListenerContainer-1] com.azra.demo.message.AMessageListener   : Message Received For QActiveMQTextMessage {commandId = 5, responseRequired = true, messageId = ID:RABBANIW10-53426-1550363828020-1:3:1:1:1, originalDestination = null, originalTransactionId = null, producerId = ID:RABBANIW10-53426-1550363828020-1:3:1:1, destination = topic://azra-queue-inbound, transactionId = null, expiration = 0, timestamp = 1550379735209, arrival = 0, brokerInTime = 1550379735214, brokerOutTime = 1550379735220, correlationId = null, replyTo = null, persistent = true, type = null, priority = 4, groupID = null, groupSequence = 0, targetConsumerId = null, compressed = false, userID = null, content = org.apache.activemq.util.ByteSequence@6d105af3, marshalledProperties = null, dataStructure = null, redeliveryCounter = 0, size = 0, properties = null, readOnlyProperties = true, readOnlyBody = true, droppable = false, jmsXGroupFirstForConsumer = false, text = Hi Azra}
2019-02-17 00:02:15.240  INFO 20544 --- [DefaultMessageListenerContainer-1] com.azra.demo.message.AMessageListener   : Hi Azra
2019-02-17 01:07:19.479  INFO 24756 --- [main] c.a.demo.AzraSpringAngularApplication    : Starting AzraSpringAngularApplication on RABBANIW10 with PID 24756 (D:\angular_proj\AzraDreamApp\target\classes started by azra.rabbani in D:\angular_proj\AzraDreamApp)
2019-02-17 01:07:19.484  INFO 24756 --- [main] c.a.demo.AzraSpringAngularApplication    : No active profile set, falling back to default profiles: default
2019-02-17 01:07:20.724  INFO 24756 --- [main] .s.d.r.c.RepositoryConfigurationDelegate : Multiple Spring Data modules found, entering strict repository configuration mode!
2019-02-17 01:07:20.728  INFO 24756 --- [main] .s.d.r.c.RepositoryConfigurationDelegate : Bootstrapping Spring Data repositories in DEFAULT mode.
2019-02-17 01:07:20.815  INFO 24756 --- [main] .RepositoryConfigurationExtensionSupport : Spring Data Elasticsearch - Could not safely identify store assignment for repository candidate interface com.azra.demo.repo.repo.OrderRepository.
2019-02-17 01:07:20.816  INFO 24756 --- [main] .s.d.r.c.RepositoryConfigurationDelegate : Finished Spring Data repository scanning in 77ms. Found 0 repository interfaces.
2019-02-17 01:07:20.829  INFO 24756 --- [main] .s.d.r.c.RepositoryConfigurationDelegate : Multiple Spring Data modules found, entering strict repository configuration mode!
2019-02-17 01:07:20.830  INFO 24756 --- [main] .s.d.r.c.RepositoryConfigurationDelegate : Bootstrapping Spring Data repositories in DEFAULT mode.
2019-02-17 01:07:20.878  INFO 24756 --- [main] .s.d.r.c.RepositoryConfigurationDelegate : Finished Spring Data repository scanning in 44ms. Found 1 repository interfaces.
2019-02-17 01:07:21.659  INFO 24756 --- [main] trationDelegate$BeanPostProcessorChecker : Bean 'org.springframework.transaction.annotation.ProxyTransactionManagementConfiguration' of type [org.springframework.transaction.annotation.ProxyTransactionManagementConfiguration$$EnhancerBySpringCGLIB$$d7ab8b2f] is not eligible for getting processed by all BeanPostProcessors (for example: not eligible for auto-proxying)
2019-02-17 01:07:21.695  INFO 24756 --- [main] trationDelegate$BeanPostProcessorChecker : Bean 'org.springframework.hateoas.config.HateoasConfiguration' of type [org.springframework.hateoas.config.HateoasConfiguration$$EnhancerBySpringCGLIB$$572bd861] is not eligible for getting processed by all BeanPostProcessors (for example: not eligible for auto-proxying)
2019-02-17 01:07:22.489  INFO 24756 --- [main] o.s.b.w.embedded.tomcat.TomcatWebServer  : Tomcat initialized with port(s): 8080 (http)
2019-02-17 01:07:22.539  INFO 24756 --- [main] o.apache.catalina.core.StandardService   : Starting service [Tomcat]
2019-02-17 01:07:22.540  INFO 24756 --- [main] org.apache.catalina.core.StandardEngine  : Starting Servlet engine: [Apache Tomcat/9.0.14]
2019-02-17 01:07:22.552  INFO 24756 --- [main] o.a.catalina.core.AprLifecycleListener   : The APR based Apache Tomcat Native library which allows optimal performance in production environments was not found on the java.library.path: [C:\Program Files\Java\jdk1.8.0_131\bin;C:\WINDOWS\Sun\Java\bin;C:\WINDOWS\system32;C:\WINDOWS;C:\Program Files (x86)\Python37-32\Scripts\;C:\Program Files (x86)\Python37-32\;C:\ProgramData\Oracle\Java\javapath;C:\WINDOWS\system32;C:\WINDOWS;C:\WINDOWS\System32\Wbem;C:\WINDOWS\System32\WindowsPowerShell\v1.0\;C:\Program Files (x86)\Skype\Phone\;D:\ProgramFiles\apache-maven-3.3.9\bin;D:\ProgramFiles\Git\cmd;C:\Program Files\Microsoft SQL Server\Client SDK\ODBC\110\Tools\Binn\;C:\Program Files (x86)\Microsoft SQL Server\120\Tools\Binn\;C:\Program Files\Microsoft SQL Server\120\Tools\Binn\;C:\Program Files\Microsoft SQL Server\120\DTS\Binn\;C:\Program Files (x86)\Microsoft SQL Server\120\Tools\Binn\ManagementStudio\;C:\Program Files (x86)\Microsoft SQL Server\120\DTS\Binn\;C:\Program Files\Amazon\AWSCLI\bin\;D:\Program Files\nodejs\;C:\Users\azra.rabbani\AppData\Roaming\npm;C:\Users\azra.rabbani\AppData\Local\Microsoft\WindowsApps;;.]
2019-02-17 01:07:22.932  INFO 24756 --- [main] o.a.c.c.C.[Tomcat].[localhost].[/]       : Initializing Spring embedded WebApplicationContext
2019-02-17 01:07:22.933  INFO 24756 --- [main] o.s.web.context.ContextLoader            : Root WebApplicationContext: initialization completed in 3348 ms
2019-02-17 01:07:23.145  INFO 24756 --- [main] com.azra.demo.config.DBConfiguration     : DataSource is initializing ... jdbc:hsqldb:mem:azradb;DB_CLOSE_DELAY=-1;sql.syntax_pgs=true, sa, org.hsqldb.jdbc.JDBCDriver
2019-02-17 01:07:25.594  INFO 24756 --- [main] j.LocalContainerEntityManagerFactoryBean : Initialized JPA EntityManagerFactory for persistence unit 'default'
2019-02-17 01:07:25.737  INFO 24756 --- [main] com.azra.demo.config.JMSConfig           : JMS Config url:tcp://localhost:61616 , userName:=admin , password:admin
2019-02-17 01:07:27.180  INFO 24756 --- [main] o.s.s.concurrent.ThreadPoolTaskExecutor  : Initializing ExecutorService 'applicationTaskExecutor'
2019-02-17 01:07:27.278  WARN 24756 --- [main] aWebConfiguration$JpaWebMvcConfiguration : spring.jpa.open-in-view is enabled by default. Therefore, database queries may be performed during view rendering. Explicitly configure spring.jpa.open-in-view to disable this warning
2019-02-17 01:07:29.144  INFO 24756 --- [main] o.s.b.w.embedded.tomcat.TomcatWebServer  : Tomcat started on port(s): 8080 (http) with context path ''
2019-02-17 01:07:29.148  INFO 24756 --- [main] c.a.demo.AzraSpringAngularApplication    : Started AzraSpringAngularApplication in 10.515 seconds (JVM running for 12.945)
2019-02-17 01:09:27.480  INFO 24756 --- [http-nio-8080-exec-1] o.a.c.c.C.[Tomcat].[localhost].[/]       : Initializing Spring DispatcherServlet 'dispatcherServlet'
2019-02-17 01:09:27.481  INFO 24756 --- [http-nio-8080-exec-1] o.s.web.servlet.DispatcherServlet        : Initializing Servlet 'dispatcherServlet'
2019-02-17 01:09:27.538  INFO 24756 --- [http-nio-8080-exec-1] o.s.web.servlet.DispatcherServlet        : Completed initialization in 57 ms
2019-02-17 01:11:08.832  INFO 28632 --- [main] c.a.demo.AzraSpringAngularApplication    : Starting AzraSpringAngularApplication on RABBANIW10 with PID 28632 (D:\angular_proj\AzraDreamApp\target\classes started by azra.rabbani in D:\angular_proj\AzraDreamApp)
2019-02-17 01:11:08.837  INFO 28632 --- [main] c.a.demo.AzraSpringAngularApplication    : No active profile set, falling back to default profiles: default
2019-02-17 01:11:09.960  INFO 28632 --- [main] .s.d.r.c.RepositoryConfigurationDelegate : Multiple Spring Data modules found, entering strict repository configuration mode!
2019-02-17 01:11:09.962  INFO 28632 --- [main] .s.d.r.c.RepositoryConfigurationDelegate : Bootstrapping Spring Data repositories in DEFAULT mode.
2019-02-17 01:11:10.009  INFO 28632 --- [main] .RepositoryConfigurationExtensionSupport : Spring Data Elasticsearch - Could not safely identify store assignment for repository candidate interface com.azra.demo.repo.repo.OrderRepository.
2019-02-17 01:11:10.010  INFO 28632 --- [main] .s.d.r.c.RepositoryConfigurationDelegate : Finished Spring Data repository scanning in 43ms. Found 0 repository interfaces.
2019-02-17 01:11:10.017  INFO 28632 --- [main] .s.d.r.c.RepositoryConfigurationDelegate : Multiple Spring Data modules found, entering strict repository configuration mode!
2019-02-17 01:11:10.018  INFO 28632 --- [main] .s.d.r.c.RepositoryConfigurationDelegate : Bootstrapping Spring Data repositories in DEFAULT mode.
2019-02-17 01:11:10.064  INFO 28632 --- [main] .s.d.r.c.RepositoryConfigurationDelegate : Finished Spring Data repository scanning in 43ms. Found 1 repository interfaces.
2019-02-17 01:11:10.662  INFO 28632 --- [main] trationDelegate$BeanPostProcessorChecker : Bean 'org.springframework.transaction.annotation.ProxyTransactionManagementConfiguration' of type [org.springframework.transaction.annotation.ProxyTransactionManagementConfiguration$$EnhancerBySpringCGLIB$$fbd497e2] is not eligible for getting processed by all BeanPostProcessors (for example: not eligible for auto-proxying)
2019-02-17 01:11:10.681  INFO 28632 --- [main] trationDelegate$BeanPostProcessorChecker : Bean 'org.springframework.hateoas.config.HateoasConfiguration' of type [org.springframework.hateoas.config.HateoasConfiguration$$EnhancerBySpringCGLIB$$7b54e514] is not eligible for getting processed by all BeanPostProcessors (for example: not eligible for auto-proxying)
2019-02-17 01:11:11.206  INFO 28632 --- [main] o.s.b.w.embedded.tomcat.TomcatWebServer  : Tomcat initialized with port(s): 8080 (http)
2019-02-17 01:11:11.248  INFO 28632 --- [main] o.apache.catalina.core.StandardService   : Starting service [Tomcat]
2019-02-17 01:11:11.248  INFO 28632 --- [main] org.apache.catalina.core.StandardEngine  : Starting Servlet engine: [Apache Tomcat/9.0.14]
2019-02-17 01:11:11.258  INFO 28632 --- [main] o.a.catalina.core.AprLifecycleListener   : The APR based Apache Tomcat Native library which allows optimal performance in production environments was not found on the java.library.path: [C:\Program Files\Java\jdk1.8.0_131\bin;C:\WINDOWS\Sun\Java\bin;C:\WINDOWS\system32;C:\WINDOWS;C:\Program Files (x86)\Python37-32\Scripts\;C:\Program Files (x86)\Python37-32\;C:\ProgramData\Oracle\Java\javapath;C:\WINDOWS\system32;C:\WINDOWS;C:\WINDOWS\System32\Wbem;C:\WINDOWS\System32\WindowsPowerShell\v1.0\;C:\Program Files (x86)\Skype\Phone\;D:\ProgramFiles\apache-maven-3.3.9\bin;D:\ProgramFiles\Git\cmd;C:\Program Files\Microsoft SQL Server\Client SDK\ODBC\110\Tools\Binn\;C:\Program Files (x86)\Microsoft SQL Server\120\Tools\Binn\;C:\Program Files\Microsoft SQL Server\120\Tools\Binn\;C:\Program Files\Microsoft SQL Server\120\DTS\Binn\;C:\Program Files (x86)\Microsoft SQL Server\120\Tools\Binn\ManagementStudio\;C:\Program Files (x86)\Microsoft SQL Server\120\DTS\Binn\;C:\Program Files\Amazon\AWSCLI\bin\;D:\Program Files\nodejs\;C:\Users\azra.rabbani\AppData\Roaming\npm;C:\Users\azra.rabbani\AppData\Local\Microsoft\WindowsApps;;.]
2019-02-17 01:11:11.631  INFO 28632 --- [main] o.a.c.c.C.[Tomcat].[localhost].[/]       : Initializing Spring embedded WebApplicationContext
2019-02-17 01:11:11.631  INFO 28632 --- [main] o.s.web.context.ContextLoader            : Root WebApplicationContext: initialization completed in 2714 ms
2019-02-17 01:11:11.821  INFO 28632 --- [main] com.azra.demo.config.DBConfiguration     : DataSource is initializing ... jdbc:hsqldb:mem:azradb;DB_CLOSE_DELAY=-1;sql.syntax_pgs=true, sa, org.hsqldb.jdbc.JDBCDriver
2019-02-17 01:11:13.571  INFO 28632 --- [main] j.LocalContainerEntityManagerFactoryBean : Initialized JPA EntityManagerFactory for persistence unit 'default'
2019-02-17 01:11:13.680  INFO 28632 --- [main] com.azra.demo.config.JMSConfig           : JMS Config url:tcp://localhost:61616 , userName:=admin , password:admin
2019-02-17 01:11:14.947  INFO 28632 --- [main] o.s.s.concurrent.ThreadPoolTaskExecutor  : Initializing ExecutorService 'applicationTaskExecutor'
2019-02-17 01:11:15.014  WARN 28632 --- [main] aWebConfiguration$JpaWebMvcConfiguration : spring.jpa.open-in-view is enabled by default. Therefore, database queries may be performed during view rendering. Explicitly configure spring.jpa.open-in-view to disable this warning
2019-02-17 01:11:16.679  INFO 28632 --- [main] o.s.b.w.embedded.tomcat.TomcatWebServer  : Tomcat started on port(s): 8080 (http) with context path ''
2019-02-17 01:11:16.683  INFO 28632 --- [main] c.a.demo.AzraSpringAngularApplication    : Started AzraSpringAngularApplication in 8.862 seconds (JVM running for 10.671)
2019-02-17 01:11:26.853  INFO 28632 --- [http-nio-8080-exec-2] o.a.c.c.C.[Tomcat].[localhost].[/]       : Initializing Spring DispatcherServlet 'dispatcherServlet'
2019-02-17 01:11:26.853  INFO 28632 --- [http-nio-8080-exec-2] o.s.web.servlet.DispatcherServlet        : Initializing Servlet 'dispatcherServlet'
2019-02-17 01:11:26.886  INFO 28632 --- [http-nio-8080-exec-2] o.s.web.servlet.DispatcherServlet        : Completed initialization in 33 ms
